Remember that you can report errors and get help in https://github.com/NicoSantangelo/sublime-gulp

01-24-2016 01:09:
C:\Users\user\AppData\Roaming\Sublime Text 3\Packages\Gulp\write_tasks_to_cache.js:31
        throw ex;
        ^

Error: Cannot find module 'gulp-sass'
    at Function.Module._resolveFilename (module.js:325:15)
    at Function.Module._load (module.js:276:25)
    at Module.require (module.js:353:17)
    at require (internal/module.js:12:17)
    at Object.<anonymous> (E:\site-krovli\_optimized_gulp_sass\.sublime-gulp-tmp.js:4:8)
    at Module._compile (module.js:397:26)
    at Object.Module._extensions..js (module.js:404:10)
    at Module.load (module.js:343:32)
    at Function.Module._load (module.js:300:12)
    at Module.require (module.js:353:17)


01-24-2016 01:29:
C:\Users\user\AppData\Roaming\Sublime Text 3\Packages\Gulp\write_tasks_to_cache.js:31
        throw ex;
        ^

Error: Cannot find module 'gulp-sass'
    at Function.Module._resolveFilename (module.js:325:15)
    at Function.Module._load (module.js:276:25)
    at Module.require (module.js:353:17)
    at require (internal/module.js:12:17)
    at Object.<anonymous> (E:\site-krovli\_optimized_gulp_sass\.sublime-gulp-tmp.js:4:8)
    at Module._compile (module.js:397:26)
    at Object.Module._extensions..js (module.js:404:10)
    at Module.load (module.js:343:32)
    at Function.Module._load (module.js:300:12)
    at Module.require (module.js:353:17)


01-28-2016 00:10:
C:\Users\Samsung\AppData\Roaming\Sublime Text 3\Packages\Gulp\write_tasks_to_cache.js:31
        throw ex;
        ^

Error: Cannot find module 'gulp-sass'
    at Function.Module._resolveFilename (module.js:326:15)
    at Function.Module._load (module.js:277:25)
    at Module.require (module.js:354:17)
    at require (internal/module.js:12:17)
    at Object.<anonymous> (F:\site-krovli\_optimized_gulp_sass\.sublime-gulp-tmp.js:4:8)
    at Module._compile (module.js:398:26)
    at Object.Module._extensions..js (module.js:405:10)
    at Module.load (module.js:344:32)
    at Function.Module._load (module.js:301:12)
    at Module.require (module.js:354:17)


01-28-2016 01:08:
C:\Users\Samsung\AppData\Roaming\Sublime Text 3\Packages\Gulp\write_tasks_to_cache.js:31
        throw ex;
        ^

Error: Cannot find module 'gulp-sass'
    at Function.Module._resolveFilename (module.js:326:15)
    at Function.Module._load (module.js:277:25)
    at Module.require (module.js:354:17)
    at require (internal/module.js:12:17)
    at Object.<anonymous> (F:\site-krovli\_optimized_gulp_sass\.sublime-gulp-tmp.js:4:8)
    at Module._compile (module.js:398:26)
    at Object.Module._extensions..js (module.js:405:10)
    at Module.load (module.js:344:32)
    at Function.Module._load (module.js:301:12)
    at Module.require (module.js:354:17)
